<?xml version="1.0" encoding="UTF-8"?>
<testng-results ignored="0" total="2" passed="2" failed="0" skipped="0">
  <reporter-output>
    <line>
      <![CDATA[AddCustomer Passed]]>
    </line>
    <line>
      <![CDATA[deleteCustomer Passed]]>
    </line>
  </reporter-output>
  <suite started-at="2024-12-20T06:35:52 IST" name="Default suite" finished-at="2024-12-20T06:36:17 IST" duration-ms="25556">
    <groups>
      <group name="SmokeTest">
        <method signature="CustomerModule.AddCustomer()[pri:0, instance:com.actitime.testscript.CustomerModule@72d1ad2e]" name="AddCustomer" class="com.actitime.testscript.CustomerModule"/>
      </group> <!-- SmokeTest -->
      <group name="RegressionTest">
        <method signature="CustomerModule.AddCustomer()[pri:0, instance:com.actitime.testscript.CustomerModule@72d1ad2e]" name="AddCustomer" class="com.actitime.testscript.CustomerModule"/>
      </group> <!-- RegressionTest -->
    </groups>
    <test started-at="2024-12-20T06:35:52 IST" name="Default test" finished-at="2024-12-20T06:36:17 IST" duration-ms="25556">
      <class name="com.actitime.testscript.CustomerModule">
        <test-method is-config="true" signature="openBrowser()[pri:0, instance:com.actitime.testscript.CustomerModule@72d1ad2e]" started-at="2024-12-20T06:35:52 IST" name="openBrowser" finished-at="2024-12-20T06:35:54 IST" duration-ms="1879" status="PASS">
          <reporter-output>
          </reporter-output>
        </test-method> <!-- openBrowser -->
        <test-method is-config="true" signature="login()[pri:0, instance:com.actitime.testscript.CustomerModule@72d1ad2e]" started-at="2024-12-20T06:35:54 IST" name="login" finished-at="2024-12-20T06:35:55 IST" duration-ms="1037" status="PASS">
          <reporter-output>
          </reporter-output>
        </test-method> <!-- login -->
        <test-method signature="AddCustomer()[pri:0, instance:com.actitime.testscript.CustomerModule@72d1ad2e]" started-at="2024-12-20T06:35:55 IST" name="AddCustomer" finished-at="2024-12-20T06:36:07 IST" duration-ms="12253" status="PASS">
          <reporter-output>
            <line>
              <![CDATA[AddCustomer Passed]]>
            </line>
          </reporter-output>
        </test-method> <!-- AddCustomer -->
        <test-method is-config="true" signature="logout()[pri:0, instance:com.actitime.testscript.CustomerModule@72d1ad2e]" started-at="2024-12-20T06:36:07 IST" name="logout" finished-at="2024-12-20T06:36:07 IST" duration-ms="151" status="PASS">
          <reporter-output>
          </reporter-output>
        </test-method> <!-- logout -->
        <test-method is-config="true" signature="login()[pri:0, instance:com.actitime.testscript.CustomerModule@72d1ad2e]" started-at="2024-12-20T06:36:07 IST" name="login" finished-at="2024-12-20T06:36:08 IST" duration-ms="261" status="PASS">
          <reporter-output>
          </reporter-output>
        </test-method> <!-- login -->
        <test-method signature="deleteCustomer()[pri:1, instance:com.actitime.testscript.CustomerModule@72d1ad2e]" started-at="2024-12-20T06:36:08 IST" name="deleteCustomer" finished-at="2024-12-20T06:36:17 IST" depends-on-methods="com.actitime.testscript.CustomerModule.AddCustomer" duration-ms="9522" status="PASS">
          <reporter-output>
            <line>
              <![CDATA[deleteCustomer Passed]]>
            </line>
          </reporter-output>
        </test-method> <!-- deleteCustomer -->
        <test-method is-config="true" signature="logout()[pri:0, instance:com.actitime.testscript.CustomerModule@72d1ad2e]" started-at="2024-12-20T06:36:17 IST" name="logout" finished-at="2024-12-20T06:36:17 IST" duration-ms="129" status="PASS">
          <reporter-output>
          </reporter-output>
        </test-method> <!-- logout -->
        <test-method is-config="true" signature="closeBrowser()[pri:0, instance:com.actitime.testscript.CustomerModule@72d1ad2e]" started-at="2024-12-20T06:36:17 IST" name="closeBrowser" finished-at="2024-12-20T06:36:17 IST" duration-ms="291" status="PASS">
          <reporter-output>
          </reporter-output>
        </test-method> <!-- closeBrowser -->
      </class> <!-- com.actitime.testscript.CustomerModule -->
    </test> <!-- Default test -->
  </suite> <!-- Default suite -->
</testng-results>
